d:\audioplayer\audioplayer\x64\debug\qt\uic\ui_audioplayer.h
d:\audioplayer\audioplayer\x64\debug\qt\rcc\qrc_audioplayer.cpp
d:\audioplayer\audioplayer\x64\debug\qt\moc\moc_audioplayer.cpp
d:\audioplayer\audioplayer\x64\debug\vc143.pdb
d:\audioplayer\audioplayer\x64\debug\vc143.idb
d:\audioplayer\audioplayer\x64\debug\qrc_audioplayer.obj
d:\audioplayer\audioplayer\x64\debug\audioplayer.obj
d:\audioplayer\audioplayer\x64\debug\miniaudio.obj
d:\audioplayer\audioplayer\x64\debug\main.obj
d:\audioplayer\audioplayer\x64\debug\moc_audioplayer.obj
d:\audioplayer\x64\debug\audioplayer.exe
d:\audioplayer\x64\debug\audioplayer.pdb
d:\audioplayer\audioplayer\x64\debug\audioplayer.ilk
d:\audioplayer\audioplayer\x64\debug\audioplayer.tlog\audioplayer.write.1u.tlog
d:\audioplayer\audioplayer\x64\debug\audioplayer.tlog\cl.command.1.tlog
d:\audioplayer\audioplayer\x64\debug\audioplayer.tlog\cl.items.tlog
d:\audioplayer\audioplayer\x64\debug\audioplayer.tlog\cl.read.1.tlog
d:\audioplayer\audioplayer\x64\debug\audioplayer.tlog\cl.write.1.tlog
d:\audioplayer\audioplayer\x64\debug\audioplayer.tlog\link.command.1.tlog
d:\audioplayer\audioplayer\x64\debug\audioplayer.tlog\link.read.1.tlog
d:\audioplayer\audioplayer\x64\debug\audioplayer.tlog\link.secondary.1.tlog
d:\audioplayer\audioplayer\x64\debug\audioplayer.tlog\link.write.1.tlog
d:\audioplayer\audioplayer\x64\debug\audioplayer.tlog\moc.read.1u.tlog
d:\audioplayer\audioplayer\x64\debug\audioplayer.tlog\moc.write.1u.tlog
d:\audioplayer\audioplayer\x64\debug\audioplayer.tlog\rcc.read.1u.tlog
d:\audioplayer\audioplayer\x64\debug\audioplayer.tlog\rcc.write.1u.tlog
d:\audioplayer\audioplayer\x64\debug\audioplayer.tlog\uic.read.1u.tlog
d:\audioplayer\audioplayer\x64\debug\audioplayer.tlog\uic.write.1u.tlog
